Arguments: 
  /usr/local/bin/node /home/tgf0911/.yarn/bin/yarn.js add @babel/core @babel/cli @babel/preset-env @baber/node -D

PATH: 
  /home/tgf0911/.yarn/bin:/home/tgf0911/.config/yarn/global/node_modules/.bin:/home/tgf0911/.zinit/polaris/bin:/home/tgf0911/.fastlane/bin:/home/tgf0911/.yarn/bin:/home/tgf0911/.yarn/bin:/usr/local/sbin:/usr/local/bin:/usr/sbin:/usr/bin:/sbin:/bin:/usr/games:/usr/local/games:/snap/bin:/home/tgf0911/.dotnet/tools:/home/tgf0911/Android/Sdk/tools:/home/tgf0911/Android/Sdk/platform-tools:/usr/local/bin

Yarn version: 
  1.22.5

Node version: 
  15.2.0

Platform: 
  linux x64

Trace: 
  Error: https://registry.yarnpkg.com/@baber%2fnode: Not found
      at Request.params.callback [as _callback] (/home/tgf0911/.yarn/lib/cli.js:66988:18)
      at Request.self.callback (/home/tgf0911/.yarn/lib/cli.js:140749:22)
      at Request.emit (node:events:329:20)
      at Request.<anonymous> (/home/tgf0911/.yarn/lib/cli.js:141721:10)
      at Request.emit (node:events:329:20)
      at IncomingMessage.<anonymous> (/home/tgf0911/.yarn/lib/cli.js:141643:12)
      at Object.onceWrapper (node:events:435:28)
      at IncomingMessage.emit (node:events:341:22)
      at endReadableNT (node:internal/streams/readable:1294:12)
      at processTicksAndRejections (node:internal/process/task_queues:80:21)

npm manifest: 
  {
    "name": "first-api",
    "version": "1.0.0",
    "main": "index.js",
    "license": "MIT"
  }

yarn manifest: 
  No manifest

Lockfile: 
  No lockfile
